<?xml version="1.0" encoding="UTF-8"?>
<!-- Generated by org.testng.reporters.JUnitReportReporter -->
<testsuite hostname="DESKTOP-PO0092Q" failures="0" tests="1" name="blazepagepkg.BlazeAboutus" time="2.887" errors="0" timestamp="2023-06-16T05:11:52 IST" skipped="0">
  <testcase classname="blazepagepkg.BlazeAboutus" name="verifyAboutuspage" time="2.887"/>
  <system-out/>
</testsuite> <!-- blazepagepkg.BlazeAboutus -->
