<?xml version="1.0" encoding="UTF-8"?>
<!-- Generated by org.testng.reporters.JUnitReportReporter -->
<testsuite hostname="DESKTOP-PO0092Q" failures="0" tests="1" name="blazepagepkg.BlazeHomepage" time="2.364" errors="0" timestamp="2023-06-15T05:24:12 IST" skipped="0">
  <testcase classname="blazepagepkg.BlazeHomepage" name="verifyHomepage" time="2.364"/>
  <system-out/>
</testsuite> <!-- blazepagepkg.BlazeHomepage -->
