<?xml version="1.0" encoding="UTF-8"?>
<!-- Generated by org.testng.reporters.JUnitReportReporter -->
<testsuite hostname="DESKTOP-PO0092Q" failures="0" tests="1" name="blazepagepkg.Blazeregistrationpage" time="2.715" errors="0" timestamp="2023-06-08T14:57:53 IST" skipped="0">
  <testcase classname="blazepagepkg.Blazeregistrationpage" name="login" time="2.715"/>
  <system-out/>
</testsuite> <!-- blazepagepkg.Blazeregistrationpage -->
