<?xml version="1.0" encoding="UTF-8"?>
<!-- Generated by org.testng.reporters.JUnitReportReporter -->
<testsuite hostname="DESKTOP-PO0092Q" failures="0" tests="1" name="blazepagepkg.Blazecateogoriestest" time="2.003" errors="0" timestamp="2023-06-15T05:32:17 IST" skipped="0">
  <testcase classname="blazepagepkg.Blazecateogoriestest" name="verifyHomepage" time="2.003"/>
  <system-out/>
</testsuite> <!-- blazepagepkg.Blazecateogoriestest -->
