<?xml version="1.0" encoding="UTF-8"?>
<!-- Generated by org.testng.reporters.JUnitReportReporter -->
<testsuite hostname="DESKTOP-PO0092Q" failures="0" tests="1" name="blazetestcases.Addtocarttestcase" time="7.990" errors="0" timestamp="2023-06-16T06:31:29 IST" skipped="0">
  <testcase classname="blazetestcases.Addtocarttestcase" name="addtocart" time="7.990"/>
  <system-out/>
</testsuite> <!-- blazetestcases.Addtocarttestcase -->
