<?xml version="1.0" encoding="UTF-8"?>
<!-- Generated by org.testng.reporters.JUnitReportReporter -->
<testsuite hostname="DESKTOP-PO0092Q" failures="0" tests="1" name="pagepkg.Blazeloginpage" time="1.547" errors="0" timestamp="2023-06-08T03:18:41 IST" skipped="0">
  <testcase classname="pagepkg.Blazeloginpage" name="verifylogo" time="1.547"/>
  <system-out/>
</testsuite> <!-- pagepkg.Blazeloginpage -->
