<?xml version="1.0" encoding="UTF-8"?>
<!-- Generated by org.testng.reporters.JUnitReportReporter -->
<testsuite hostname="DESKTOP-PO0092Q" failures="0" tests="1" name="blazetestcases.Blazesignuptestcase" time="13.541" errors="0" timestamp="2023-06-16T05:04:19 IST" skipped="0">
  <testcase classname="blazetestcases.Blazesignuptestcase" name="Verifylogin" time="13.541"/>
  <system-out/>
</testsuite> <!-- blazetestcases.Blazesignuptestcase -->
