<?xml version="1.0" encoding="UTF-8"?>
<!-- Generated by org.testng.reporters.JUnitReportReporter -->
<testsuite hostname="DESKTOP-PO0092Q" failures="0" tests="1" name="basepkg.Blazebaseclass" time="1.909" errors="0" timestamp="2023-06-16T03:24:28 IST" skipped="0">
  <testcase classname="basepkg.Blazebaseclass" name="verifylogo" time="1.909"/>
  <system-out/>
</testsuite> <!-- basepkg.Blazebaseclass -->
