<?xml version="1.0" encoding="UTF-8"?>
<!-- Generated by org.testng.reporters.JUnitReportReporter -->
<testsuite hostname="DESKTOP-PO0092Q" failures="0" tests="1" name="blazepagepkg.Blazeloginpage" time="2.228" errors="0" timestamp="2023-06-10T22:07:55 IST" skipped="0">
  <testcase classname="blazepagepkg.Blazeloginpage" name="login" time="2.228"/>
  <system-out/>
</testsuite> <!-- blazepagepkg.Blazeloginpage -->
