<?xml version="1.0" encoding="UTF-8"?>
<!-- Generated by org.testng.reporters.JUnitReportReporter -->
<testsuite hostname="DESKTOP-PO0092Q" failures="0" tests="1" name="pages_Testcases.verifylogo" time="2.560" errors="0" timestamp="2023-06-16T01:09:15 IST" skipped="0">
  <testcase classname="pages_Testcases.verifylogo" name="verifylogoo" time="2.560"/>
  <system-out/>
</testsuite> <!-- pages_Testcases.verifylogo -->
