<?xml version="1.0" encoding="UTF-8"?>
<!-- Generated by org.testng.reporters.JUnitReportReporter -->
<testsuite hostname="DESKTOP-PO0092Q" failures="0" tests="1" name="basepkg.Baseclass" time="2.207" errors="0" timestamp="2023-06-15T03:18:18 IST" skipped="0">
  <testcase classname="basepkg.Baseclass" name="verifylogo" time="2.207"/>
  <system-out/>
</testsuite> <!-- basepkg.Baseclass -->
