<?xml version="1.0" encoding="UTF-8"?>
<!-- Generated by org.testng.reporters.JUnitReportReporter -->
<testsuite hostname="DESKTOP-PO0092Q" failures="0" tests="1" name="pages_Testcases.Blazelogin" time="2.349" errors="0" timestamp="2023-06-15T22:56:10 IST" skipped="0">
  <testcase classname="pages_Testcases.Blazelogin" name="verifylogin" time="2.349"/>
  <system-out/>
</testsuite> <!-- pages_Testcases.Blazelogin -->
