<?xml version="1.0" encoding="UTF-8"?>
<!-- Generated by org.testng.reporters.JUnitReportReporter -->
<testsuite hostname="DESKTOP-PO0092Q" failures="0" tests="1" name="pages_Testcases.BlazeSignup" time="4.435" errors="0" timestamp="2023-06-15T03:58:58 IST" skipped="0">
  <testcase classname="pages_Testcases.BlazeSignup" name="verifylogin" time="4.435"/>
  <system-out/>
</testsuite> <!-- pages_Testcases.BlazeSignup -->
